<?xml version="1.0" encoding="UTF-8"?>
<testng-results ignored="0" total="4" passed="4" failed="0" skipped="0">
  <reporter-output>
  </reporter-output>
  <suite started-at="2025-08-19T15:34:07 IST" name="Suite" finished-at="2025-08-19T15:39:11 IST" duration-ms="303467">
    <groups>
    </groups>
    <test started-at="2025-08-19T15:34:07 IST" name="TestNG1" finished-at="2025-08-19T15:34:08 IST" duration-ms="21">
    </test> <!-- TestNG1 -->
    <test started-at="2025-08-19T15:34:08 IST" name="Test on Chrome" finished-at="2025-08-19T15:34:31 IST" duration-ms="23537">
      <class name="DAY27.LAB_9_4">
        <test-method signature="test1(java.lang.String)[pri:0, instance:DAY27.LAB_9_4@3eb25e1a]" started-at="2025-08-19T15:34:08 IST" name="test1" finished-at="2025-08-19T15:34:31 IST" duration-ms="23509" status="PASS">
          <params>
            <param index="0">
              <value>
                <![CDATA[chrome]]>
              </value>
            </param>
          </params>
          <reporter-output>
          </reporter-output>
        </test-method> <!-- test1 -->
      </class> <!-- DAY27.LAB_9_4 -->
    </test> <!-- Test on Chrome -->
    <test started-at="2025-08-19T15:34:07 IST" name="TestNG2" finished-at="2025-08-19T15:34:59 IST" duration-ms="51480">
      <class name="DAY26.TC0012_TestNG">
        <test-method is-config="true" signature="beforeTest()[pri:0, instance:DAY26.TC0012_TestNG@78691363]" started-at="2025-08-19T15:34:08 IST" name="beforeTest" finished-at="2025-08-19T15:34:08 IST" duration-ms="3" status="PASS">
          <reporter-output>
          </reporter-output>
        </test-method> <!-- beforeTest -->
        <test-method is-config="true" signature="beforeClass()[pri:0, instance:DAY26.TC0012_TestNG@78691363]" started-at="2025-08-19T15:34:08 IST" name="beforeClass" finished-at="2025-08-19T15:34:08 IST" duration-ms="3" status="PASS">
          <reporter-output>
          </reporter-output>
        </test-method> <!-- beforeClass -->
        <test-method is-config="true" signature="beforeMethod()[pri:0, instance:DAY26.TC0012_TestNG@78691363]" started-at="2025-08-19T15:34:08 IST" name="beforeMethod" finished-at="2025-08-19T15:34:26 IST" duration-ms="18505" status="PASS">
          <reporter-output>
          </reporter-output>
        </test-method> <!-- beforeMethod -->
        <test-method signature="f(java.lang.String,java.lang.String)[pri:0, instance:DAY26.TC0012_TestNG@78691363]" started-at="2025-08-19T15:34:26 IST" name="f" data-provider="dp" finished-at="2025-08-19T15:34:38 IST" duration-ms="11941" status="PASS">
          <params>
            <param index="0">
              <value>
                <![CDATA[Admin]]>
              </value>
            </param>
            <param index="1">
              <value>
                <![CDATA[admin123]]>
              </value>
            </param>
          </params>
          <reporter-output>
          </reporter-output>
        </test-method> <!-- f -->
        <test-method is-config="true" signature="afterMethod()[pri:0, instance:DAY26.TC0012_TestNG@78691363]" started-at="2025-08-19T15:34:38 IST" name="afterMethod" finished-at="2025-08-19T15:34:40 IST" duration-ms="2091" status="PASS">
          <reporter-output>
          </reporter-output>
        </test-method> <!-- afterMethod -->
        <test-method is-config="true" signature="beforeMethod()[pri:0, instance:DAY26.TC0012_TestNG@78691363]" started-at="2025-08-19T15:34:40 IST" name="beforeMethod" finished-at="2025-08-19T15:34:44 IST" duration-ms="4220" status="PASS">
          <reporter-output>
          </reporter-output>
        </test-method> <!-- beforeMethod -->
        <test-method signature="f(java.lang.String,java.lang.String)[pri:0, instance:DAY26.TC0012_TestNG@78691363]" started-at="2025-08-19T15:34:44 IST" name="f" data-provider="dp" finished-at="2025-08-19T15:34:58 IST" duration-ms="14014" status="PASS">
          <params>
            <param index="0">
              <value>
                <![CDATA[Shadab]]>
              </value>
            </param>
            <param index="1">
              <value>
                <![CDATA[shadab123]]>
              </value>
            </param>
          </params>
          <reporter-output>
          </reporter-output>
        </test-method> <!-- f -->
        <test-method is-config="true" signature="afterMethod()[pri:0, instance:DAY26.TC0012_TestNG@78691363]" started-at="2025-08-19T15:34:58 IST" name="afterMethod" finished-at="2025-08-19T15:34:59 IST" duration-ms="589" status="PASS">
          <reporter-output>
          </reporter-output>
        </test-method> <!-- afterMethod -->
        <test-method is-config="true" signature="afterClass()[pri:0, instance:DAY26.TC0012_TestNG@78691363]" started-at="2025-08-19T15:34:59 IST" name="afterClass" finished-at="2025-08-19T15:34:59 IST" duration-ms="1" status="PASS">
          <reporter-output>
          </reporter-output>
        </test-method> <!-- afterClass -->
        <test-method is-config="true" signature="afterTest()[pri:0, instance:DAY26.TC0012_TestNG@78691363]" started-at="2025-08-19T15:34:59 IST" name="afterTest" finished-at="2025-08-19T15:34:59 IST" duration-ms="1" status="PASS">
          <reporter-output>
          </reporter-output>
        </test-method> <!-- afterTest -->
      </class> <!-- DAY26.TC0012_TestNG -->
    </test> <!-- TestNG2 -->
    <test started-at="2025-08-19T15:34:31 IST" name="Test on Edge" finished-at="2025-08-19T15:39:11 IST" duration-ms="279721">
      <class name="DAY27.LAB_9_4">
        <test-method signature="test1(java.lang.String)[pri:0, instance:DAY27.LAB_9_4@233795b6]" started-at="2025-08-19T15:34:31 IST" name="test1" finished-at="2025-08-19T15:39:11 IST" duration-ms="279713" status="PASS">
          <params>
            <param index="0">
              <value>
                <![CDATA[edge]]>
              </value>
            </param>
          </params>
          <reporter-output>
          </reporter-output>
        </test-method> <!-- test1 -->
      </class> <!-- DAY27.LAB_9_4 -->
      <class name="DAY26.TC0012_TestNG">
        <test-method is-config="true" signature="beforeSuite()[pri:0, instance:DAY26.TC0012_TestNG@78691363]" started-at="2025-08-19T15:34:07 IST" name="beforeSuite" finished-at="2025-08-19T15:34:07 IST" duration-ms="17" status="PASS">
          <reporter-output>
          </reporter-output>
        </test-method> <!-- beforeSuite -->
        <test-method is-config="true" signature="afterSuite()[pri:0, instance:DAY26.TC0012_TestNG@78691363]" started-at="2025-08-19T15:39:11 IST" name="afterSuite" finished-at="2025-08-19T15:39:11 IST" duration-ms="2" status="PASS">
          <reporter-output>
          </reporter-output>
        </test-method> <!-- afterSuite -->
      </class> <!-- DAY26.TC0012_TestNG -->
    </test> <!-- Test on Edge -->
  </suite> <!-- Suite -->
</testng-results>
