<?xml version="1.0" encoding="UTF-8"?>
<testng-results ignored="0" total="2" passed="2" failed="0" skipped="0">
  <reporter-output>
  </reporter-output>
  <suite started-at="2025-08-18T11:48:43 IST" name="Default suite" finished-at="2025-08-18T11:49:22 IST" duration-ms="39320">
    <groups>
    </groups>
    <test started-at="2025-08-18T11:48:43 IST" name="Default test" finished-at="2025-08-18T11:49:22 IST" duration-ms="39320">
      <class name="DAY26.TC0012_TestNG">
        <test-method is-config="true" signature="beforeSuite()[pri:0, instance:DAY26.TC0012_TestNG@409bf450]" started-at="2025-08-18T11:48:43 IST" name="beforeSuite" finished-at="2025-08-18T11:48:43 IST" duration-ms="21" status="PASS">
          <reporter-output>
          </reporter-output>
        </test-method> <!-- beforeSuite -->
        <test-method is-config="true" signature="beforeTest()[pri:0, instance:DAY26.TC0012_TestNG@409bf450]" started-at="2025-08-18T11:48:43 IST" name="beforeTest" finished-at="2025-08-18T11:48:43 IST" duration-ms="2" status="PASS">
          <reporter-output>
          </reporter-output>
        </test-method> <!-- beforeTest -->
        <test-method is-config="true" signature="beforeClass()[pri:0, instance:DAY26.TC0012_TestNG@409bf450]" started-at="2025-08-18T11:48:43 IST" name="beforeClass" finished-at="2025-08-18T11:48:43 IST" duration-ms="0" status="PASS">
          <reporter-output>
          </reporter-output>
        </test-method> <!-- beforeClass -->
        <test-method is-config="true" signature="beforeMethod()[pri:0, instance:DAY26.TC0012_TestNG@409bf450]" started-at="2025-08-18T11:48:43 IST" name="beforeMethod" finished-at="2025-08-18T11:48:49 IST" duration-ms="5610" status="PASS">
          <reporter-output>
          </reporter-output>
        </test-method> <!-- beforeMethod -->
        <test-method signature="f(java.lang.String,java.lang.String)[pri:0, instance:DAY26.TC0012_TestNG@409bf450]" started-at="2025-08-18T11:48:49 IST" name="f" data-provider="dp" finished-at="2025-08-18T11:49:00 IST" duration-ms="11112" status="PASS">
          <params>
            <param index="0">
              <value>
                <![CDATA[Admin]]>
              </value>
            </param>
            <param index="1">
              <value>
                <![CDATA[admin123]]>
              </value>
            </param>
          </params>
          <reporter-output>
          </reporter-output>
        </test-method> <!-- f -->
        <test-method is-config="true" signature="afterMethod()[pri:0, instance:DAY26.TC0012_TestNG@409bf450]" started-at="2025-08-18T11:49:00 IST" name="afterMethod" finished-at="2025-08-18T11:49:01 IST" duration-ms="714" status="PASS">
          <reporter-output>
          </reporter-output>
        </test-method> <!-- afterMethod -->
        <test-method is-config="true" signature="beforeMethod()[pri:0, instance:DAY26.TC0012_TestNG@409bf450]" started-at="2025-08-18T11:49:01 IST" name="beforeMethod" finished-at="2025-08-18T11:49:07 IST" duration-ms="6338" status="PASS">
          <reporter-output>
          </reporter-output>
        </test-method> <!-- beforeMethod -->
        <test-method signature="f(java.lang.String,java.lang.String)[pri:0, instance:DAY26.TC0012_TestNG@409bf450]" started-at="2025-08-18T11:49:07 IST" name="f" data-provider="dp" finished-at="2025-08-18T11:49:20 IST" duration-ms="12777" status="PASS">
          <params>
            <param index="0">
              <value>
                <![CDATA[Shadab]]>
              </value>
            </param>
            <param index="1">
              <value>
                <![CDATA[shadab123]]>
              </value>
            </param>
          </params>
          <reporter-output>
          </reporter-output>
        </test-method> <!-- f -->
        <test-method is-config="true" signature="afterMethod()[pri:0, instance:DAY26.TC0012_TestNG@409bf450]" started-at="2025-08-18T11:49:20 IST" name="afterMethod" finished-at="2025-08-18T11:49:22 IST" duration-ms="2645" status="PASS">
          <reporter-output>
          </reporter-output>
        </test-method> <!-- afterMethod -->
        <test-method is-config="true" signature="afterClass()[pri:0, instance:DAY26.TC0012_TestNG@409bf450]" started-at="2025-08-18T11:49:22 IST" name="afterClass" finished-at="2025-08-18T11:49:22 IST" duration-ms="1" status="PASS">
          <reporter-output>
          </reporter-output>
        </test-method> <!-- afterClass -->
        <test-method is-config="true" signature="afterTest()[pri:0, instance:DAY26.TC0012_TestNG@409bf450]" started-at="2025-08-18T11:49:22 IST" name="afterTest" finished-at="2025-08-18T11:49:22 IST" duration-ms="3" status="PASS">
          <reporter-output>
          </reporter-output>
        </test-method> <!-- afterTest -->
        <test-method is-config="true" signature="afterSuite()[pri:0, instance:DAY26.TC0012_TestNG@409bf450]" started-at="2025-08-18T11:49:22 IST" name="afterSuite" finished-at="2025-08-18T11:49:22 IST" duration-ms="0" status="PASS">
          <reporter-output>
          </reporter-output>
        </test-method> <!-- afterSuite -->
      </class> <!-- DAY26.TC0012_TestNG -->
    </test> <!-- Default test -->
  </suite> <!-- Default suite -->
</testng-results>
